c:\program files\microsoft sdks\kinect\v2.0-publicpreview1408\samples\native\hdfacebasics-d2d\debug\vc120.pdb
c:\program files\microsoft sdks\kinect\v2.0-publicpreview1408\samples\native\hdfacebasics-d2d\debug\vc120.idb
c:\program files\microsoft sdks\kinect\v2.0-publicpreview1408\samples\native\hdfacebasics-d2d\debug\imagerenderer.obj
c:\program files\microsoft sdks\kinect\v2.0-publicpreview1408\samples\native\hdfacebasics-d2d\debug\facebasics.obj
c:\users\dwight\source\repos\kinecthdfacesample\hdfacebasics-d2d\debug\vc120.pdb
c:\users\dwight\source\repos\kinecthdfacesample\hdfacebasics-d2d\debug\vc120.idb
c:\users\dwight\source\repos\kinecthdfacesample\hdfacebasics-d2d\debug\facebasics.obj
c:\users\dwight\source\repos\kinecthdfacesample\hdfacebasics-d2d\debug\imagerenderer.obj
c:\program files\microsoft sdks\kinect\v2.0-publicpreview1408\samples\native\hdfacebasics-d2d\debug\hdfacebasics-d2d.ilk
c:\program files\microsoft sdks\kinect\v2.0-publicpreview1408\samples\native\hdfacebasics-d2d\debug\hdfacebasics-d2d.exe
c:\program files\microsoft sdks\kinect\v2.0-publicpreview1408\samples\native\hdfacebasics-d2d\debug\hdfacebasics-d2d.pdb
c:\users\dwight\source\repos\kinecthdfacesample\hdfacebasics-d2d\debug\hdfacebasics-d2d.ilk
c:\users\dwight\source\repos\kinecthdfacesample\hdfacebasics-d2d\debug\hdfacebasics-d2d.exe
c:\users\dwight\source\repos\kinecthdfacesample\hdfacebasics-d2d\debug\hdfacebasics-d2d.pdb
c:\program files\microsoft sdks\kinect\v2.0-publicpreview1408\samples\native\hdfacebasics-d2d\debug\facebasics.res
c:\users\dwight\source\repos\kinecthdfacesample\hdfacebasics-d2d\debug\facebasics.res
c:\users\dwight\source\repos\kinecthdfacesample\hdfacebasics-d2d\debug\facebasics-d2d.ilk
c:\users\dwight\source\repos\kinecthdfacesample\hdfacebasics-d2d\debug\testinghdface.ilk
c:\users\dwight\source\repos\kinecthdfacesample\hdfacebasics-d2d\debug\facebasics-d2d.pdb
c:\users\dwight\source\repos\kinecthdfacesample\hdfacebasics-d2d\debug\testinghdface.pdb
c:\users\dwight\source\repos\kinecthdfacesample\hdfacebasics-d2d\debug\hdfacebasics-d2d.tlog\cl.command.1.tlog
c:\users\dwight\source\repos\kinecthdfacesample\hdfacebasics-d2d\debug\hdfacebasics-d2d.tlog\cl.read.1.tlog
c:\users\dwight\source\repos\kinecthdfacesample\hdfacebasics-d2d\debug\hdfacebasics-d2d.tlog\cl.write.1.tlog
c:\users\dwight\source\repos\kinecthdfacesample\hdfacebasics-d2d\debug\hdfacebasics-d2d.tlog\link.command.1.tlog
c:\users\dwight\source\repos\kinecthdfacesample\hdfacebasics-d2d\debug\hdfacebasics-d2d.tlog\link.read.1.tlog
c:\users\dwight\source\repos\kinecthdfacesample\hdfacebasics-d2d\debug\hdfacebasics-d2d.tlog\link.write.1.tlog
c:\users\dwight\source\repos\kinecthdfacesample\hdfacebasics-d2d\debug\hdfacebasics-d2d.tlog\rc.command.1.tlog
c:\users\dwight\source\repos\kinecthdfacesample\hdfacebasics-d2d\debug\hdfacebasics-d2d.tlog\rc.read.1.tlog
c:\users\dwight\source\repos\kinecthdfacesample\hdfacebasics-d2d\debug\hdfacebasics-d2d.tlog\rc.write.1.tlog
